<?xml version="1.0" encoding="UTF-8"?>
<testng-results ignored="0" total="7" passed="6" failed="1" skipped="0">
  <reporter-output>
  </reporter-output>
  <suite started-at="2021-03-04T18:34:42 IST" name="Default suite" finished-at="2021-03-04T18:37:12 IST" duration-ms="149071">
    <groups>
    </groups>
    <test started-at="2021-03-04T18:34:42 IST" name="Default test" finished-at="2021-03-04T18:37:12 IST" duration-ms="149071">
      <class name="assignment.ddt.tests.DashboardPageTests">
        <test-method is-config="true" signature="startBrowser()[pri:0, instance:assignment.ddt.tests.DashboardPageTests@2ea227af]" started-at="2021-03-04T18:34:43 IST" name="startBrowser" finished-at="2021-03-04T18:35:00 IST" duration-ms="17155" status="PASS">
          <reporter-output>
          </reporter-output>
        </test-method> <!-- startBrowser -->
        <test-method signature="DashboardPage()[pri:1, instance:assignment.ddt.tests.DashboardPageTests@2ea227af]" started-at="2021-03-04T18:35:00 IST" name="DashboardPage" finished-at="2021-03-04T18:35:00 IST" duration-ms="648" status="PASS">
          <reporter-output>
          </reporter-output>
        </test-method> <!-- DashboardPage -->
        <test-method is-config="true" signature="exit()[pri:0, instance:assignment.ddt.tests.DashboardPageTests@2ea227af]" started-at="2021-03-04T18:35:00 IST" name="exit" finished-at="2021-03-04T18:35:02 IST" duration-ms="2069" status="PASS">
          <reporter-output>
          </reporter-output>
        </test-method> <!-- exit -->
        <test-method is-config="true" signature="startBrowser()[pri:0, instance:assignment.ddt.tests.DashboardPageTests@2ea227af]" started-at="2021-03-04T18:35:02 IST" name="startBrowser" finished-at="2021-03-04T18:35:19 IST" duration-ms="16927" status="PASS">
          <reporter-output>
          </reporter-output>
        </test-method> <!-- startBrowser -->
        <test-method signature="TestLinkAssignLeave()[pri:2, instance:assignment.ddt.tests.DashboardPageTests@2ea227af]" started-at="2021-03-04T18:35:19 IST" name="TestLinkAssignLeave" finished-at="2021-03-04T18:35:27 IST" duration-ms="7656" status="PASS">
          <reporter-output>
          </reporter-output>
        </test-method> <!-- TestLinkAssignLeave -->
        <test-method is-config="true" signature="exit()[pri:0, instance:assignment.ddt.tests.DashboardPageTests@2ea227af]" started-at="2021-03-04T18:35:27 IST" name="exit" finished-at="2021-03-04T18:35:30 IST" duration-ms="3312" status="PASS">
          <reporter-output>
          </reporter-output>
        </test-method> <!-- exit -->
        <test-method is-config="true" signature="startBrowser()[pri:0, instance:assignment.ddt.tests.DashboardPageTests@2ea227af]" started-at="2021-03-04T18:35:30 IST" name="startBrowser" finished-at="2021-03-04T18:35:47 IST" duration-ms="17036" status="PASS">
          <reporter-output>
          </reporter-output>
        </test-method> <!-- startBrowser -->
        <test-method signature="TestLinkViewLeaveList()[pri:3, instance:assignment.ddt.tests.DashboardPageTests@2ea227af]" started-at="2021-03-04T18:35:47 IST" name="TestLinkViewLeaveList" finished-at="2021-03-04T18:35:50 IST" duration-ms="3001" status="PASS">
          <reporter-output>
          </reporter-output>
        </test-method> <!-- TestLinkViewLeaveList -->
        <test-method is-config="true" signature="exit()[pri:0, instance:assignment.ddt.tests.DashboardPageTests@2ea227af]" started-at="2021-03-04T18:35:50 IST" name="exit" finished-at="2021-03-04T18:35:52 IST" duration-ms="1773" status="PASS">
          <reporter-output>
          </reporter-output>
        </test-method> <!-- exit -->
        <test-method is-config="true" signature="startBrowser()[pri:0, instance:assignment.ddt.tests.DashboardPageTests@2ea227af]" started-at="2021-03-04T18:35:52 IST" name="startBrowser" finished-at="2021-03-04T18:36:09 IST" duration-ms="16737" status="PASS">
          <reporter-output>
          </reporter-output>
        </test-method> <!-- startBrowser -->
        <test-method signature="TestLinkViewEmployeeTimesheet()[pri:4, instance:assignment.ddt.tests.DashboardPageTests@2ea227af]" started-at="2021-03-04T18:36:09 IST" name="TestLinkViewEmployeeTimesheet" finished-at="2021-03-04T18:36:09 IST" duration-ms="96" status="FAIL">
          <exception class="java.lang.AssertionError">
            <message>
              <![CDATA[expected [https://opensource-demo.orangehrmlive.com/index.php/time/viewEmployeeTimesheet] but found [https://opensource-demo.orangehrmlive.com/index.php/dashboard]]]>
            </message>
            <full-stacktrace>
              <![CDATA[java.lang.AssertionError: expected [https://opensource-demo.orangehrmlive.com/index.php/time/viewEmployeeTimesheet] but found [https://opensource-demo.orangehrmlive.com/index.php/dashboard]
at org.testng.Assert.fail(Assert.java:99)
at org.testng.Assert.failNotEquals(Assert.java:1037)
at org.testng.Assert.assertEqualsImpl(Assert.java:140)
at org.testng.Assert.assertEquals(Assert.java:122)
at org.testng.Assert.assertEquals(Assert.java:629)
at org.testng.Assert.assertEquals(Assert.java:639)
at assignment.ddt.tests.DashboardPageTests.TestLinkViewEmployeeTimesheet(DashboardPageTests.java:87)
at java.base/jdk.internal.reflect.NativeMethodAccessorImpl.invoke0(Native Method)
at java.base/jdk.internal.reflect.NativeMethodAccessorImpl.invoke(NativeMethodAccessorImpl.java:62)
at java.base/jdk.internal.reflect.DelegatingMethodAccessorImpl.invoke(DelegatingMethodAccessorImpl.java:43)
at java.base/java.lang.reflect.Method.invoke(Method.java:567)
at org.testng.internal.MethodInvocationHelper.invokeMethod(MethodInvocationHelper.java:132)
at org.testng.internal.TestInvoker.invokeMethod(TestInvoker.java:599)
at org.testng.internal.TestInvoker.invokeTestMethod(TestInvoker.java:174)
at org.testng.internal.MethodRunner.runInSequence(MethodRunner.java:46)
at org.testng.internal.TestInvoker$MethodInvocationAgent.invoke(TestInvoker.java:822)
at org.testng.internal.TestInvoker.invokeTestMethods(TestInvoker.java:147)
at org.testng.internal.TestMethodWorker.invokeTestMethods(TestMethodWorker.java:146)
at org.testng.internal.TestMethodWorker.run(TestMethodWorker.java:128)
at java.base/java.util.ArrayList.forEach(ArrayList.java:1507)
at org.testng.TestRunner.privateRun(TestRunner.java:764)
at org.testng.TestRunner.run(TestRunner.java:585)
at org.testng.SuiteRunner.runTest(SuiteRunner.java:384)
at org.testng.SuiteRunner.runSequentially(SuiteRunner.java:378)
at org.testng.SuiteRunner.privateRun(SuiteRunner.java:337)
at org.testng.SuiteRunner.run(SuiteRunner.java:286)
at org.testng.SuiteRunnerWorker.runSuite(SuiteRunnerWorker.java:53)
at org.testng.SuiteRunnerWorker.run(SuiteRunnerWorker.java:96)
at org.testng.TestNG.runSuitesSequentially(TestNG.java:1218)
at org.testng.TestNG.runSuitesLocally(TestNG.java:1140)
at org.testng.TestNG.runSuites(TestNG.java:1069)
at org.testng.TestNG.run(TestNG.java:1037)
at org.testng.remote.AbstractRemoteTestNG.run(AbstractRemoteTestNG.java:115)
at org.testng.remote.RemoteTestNG.initAndRun(RemoteTestNG.java:251)
at org.testng.remote.RemoteTestNG.main(RemoteTestNG.java:77)
]]>
            </full-stacktrace>
          </exception> <!-- java.lang.AssertionError -->
          <reporter-output>
          </reporter-output>
        </test-method> <!-- TestLinkViewEmployeeTimesheet -->
        <test-method is-config="true" signature="exit()[pri:0, instance:assignment.ddt.tests.DashboardPageTests@2ea227af]" started-at="2021-03-04T18:36:09 IST" name="exit" finished-at="2021-03-04T18:36:10 IST" duration-ms="1185" status="PASS">
          <reporter-output>
          </reporter-output>
        </test-method> <!-- exit -->
        <test-method is-config="true" signature="startBrowser()[pri:0, instance:assignment.ddt.tests.DashboardPageTests@2ea227af]" started-at="2021-03-04T18:36:10 IST" name="startBrowser" finished-at="2021-03-04T18:36:26 IST" duration-ms="15904" status="PASS">
          <reporter-output>
          </reporter-output>
        </test-method> <!-- startBrowser -->
        <test-method signature="TestLinkApplyLeave()[pri:5, instance:assignment.ddt.tests.DashboardPageTests@2ea227af]" started-at="2021-03-04T18:36:26 IST" name="TestLinkApplyLeave" finished-at="2021-03-04T18:36:28 IST" duration-ms="1465" status="PASS">
          <reporter-output>
          </reporter-output>
        </test-method> <!-- TestLinkApplyLeave -->
        <test-method is-config="true" signature="exit()[pri:0, instance:assignment.ddt.tests.DashboardPageTests@2ea227af]" started-at="2021-03-04T18:36:28 IST" name="exit" finished-at="2021-03-04T18:36:29 IST" duration-ms="1674" status="PASS">
          <reporter-output>
          </reporter-output>
        </test-method> <!-- exit -->
        <test-method is-config="true" signature="startBrowser()[pri:0, instance:assignment.ddt.tests.DashboardPageTests@2ea227af]" started-at="2021-03-04T18:36:29 IST" name="startBrowser" finished-at="2021-03-04T18:36:47 IST" duration-ms="17617" status="PASS">
          <reporter-output>
          </reporter-output>
        </test-method> <!-- startBrowser -->
        <test-method signature="TestLinkViewMyLeaveList()[pri:6, instance:assignment.ddt.tests.DashboardPageTests@2ea227af]" started-at="2021-03-04T18:36:47 IST" name="TestLinkViewMyLeaveList" finished-at="2021-03-04T18:36:51 IST" duration-ms="3728" status="PASS">
          <reporter-output>
          </reporter-output>
        </test-method> <!-- TestLinkViewMyLeaveList -->
        <test-method is-config="true" signature="exit()[pri:0, instance:assignment.ddt.tests.DashboardPageTests@2ea227af]" started-at="2021-03-04T18:36:51 IST" name="exit" finished-at="2021-03-04T18:36:52 IST" duration-ms="1166" status="PASS">
          <reporter-output>
          </reporter-output>
        </test-method> <!-- exit -->
        <test-method is-config="true" signature="startBrowser()[pri:0, instance:assignment.ddt.tests.DashboardPageTests@2ea227af]" started-at="2021-03-04T18:36:52 IST" name="startBrowser" finished-at="2021-03-04T18:37:08 IST" duration-ms="16221" status="PASS">
          <reporter-output>
          </reporter-output>
        </test-method> <!-- startBrowser -->
        <test-method signature="TestLinkViewMyTimesheet()[pri:7, instance:assignment.ddt.tests.DashboardPageTests@2ea227af]" started-at="2021-03-04T18:37:08 IST" name="TestLinkViewMyTimesheet" finished-at="2021-03-04T18:37:10 IST" duration-ms="2239" status="PASS">
          <reporter-output>
          </reporter-output>
        </test-method> <!-- TestLinkViewMyTimesheet -->
        <test-method is-config="true" signature="exit()[pri:0, instance:assignment.ddt.tests.DashboardPageTests@2ea227af]" started-at="2021-03-04T18:37:10 IST" name="exit" finished-at="2021-03-04T18:37:12 IST" duration-ms="1359" status="PASS">
          <reporter-output>
          </reporter-output>
        </test-method> <!-- exit -->
      </class> <!-- assignment.ddt.tests.DashboardPageTests -->
    </test> <!-- Default test -->
  </suite> <!-- Default suite -->
</testng-results>
